C51 COMPILER V9.53.0.0   TIMER_0_MODE_1                                                    12/26/2018 18:52:06 PAGE 1   


C51 COMPILER V9.53.0.0, COMPILATION OF MODULE TIMER_0_MODE_1
OBJECT MODULE PLACED IN TIMER_0_MODE_1.OBJ
COMPILER INVOKED BY: C:\Keil_v5\C51\BIN\C51.EXE TIMER_0_MODE_1.c OPTIMIZE(8,SPEED) BROWSE DEBUG OBJECTEXTEND TABS(2)

line level    source

   1          #include<reg51.h>
   2          //#include "8051_delay.h"
   3          
   4          sbit LED = P2^0;
   5          
   6          void T0_M1_delay()
   7          {
   8   1        int i;
   9   1        TMOD = 0X01;
  10   1        for(i=0;i<20;i++)
  11   1        {
  12   2          TH0=0XFC;
  13   2          TL0=0X48;
  14   2          TR0=1;
  15   2          while(!TF0);
  16   2          TF0=0;
  17   2          TR0=0;
  18   2        }
  19   1      }
  20          
  21          void main()
  22          {
  23   1        LED = ~LED;
  24   1        T0_M1_delay();
  25   1      }


MODULE INFORMATION:   STATIC OVERLAYABLE
   CODE SIZE        =     38    ----
   CONSTANT SIZE    =   ----    ----
   XDATA SIZE       =   ----    ----
   PDATA SIZE       =   ----    ----
   DATA SIZE        =   ----    ----
   IDATA SIZE       =   ----    ----
   BIT SIZE         =   ----    ----
END OF MODULE INFORMATION.


C51 COMPILATION COMPLETE.  0 WARNING(S),  0 ERROR(S)
